<?xml version="1.0" encoding="UTF-8"?>
<coverage generated="1768486927513" clover="3.2.0">
  <project timestamp="1768486927513" name="All files">
    <metrics statements="107" coveredstatements="105" conditionals="51" coveredconditionals="46" methods="45" coveredmethods="44" elements="203" coveredelements="195" complexity="0" loc="107" ncloc="107" packages="8" files="8" classes="8"/>
    <package name="src">
      <metrics statements="21" coveredstatements="20" conditionals="4" coveredconditionals="4" methods="6" coveredmethods="5"/>
      <file name="App.tsx" path="C:\Workspace\LocalPet\src\App.tsx">
        <metrics statements="21" coveredstatements="20" conditionals="4" coveredconditionals="4" methods="6" coveredmethods="5"/>
        <line num="10" count="69" type="stmt"/>
        <line num="11" count="69" type="stmt"/>
        <line num="14" count="20" type="stmt"/>
        <line num="15" count="20" type="stmt"/>
        <line num="18" count="20" type="stmt"/>
        <line num="20" count="20" type="stmt"/>
        <line num="22" count="8" type="stmt"/>
        <line num="25" count="8" type="stmt"/>
        <line num="26" count="8" type="stmt"/>
        <line num="29" count="20" type="stmt"/>
        <line num="31" count="0" type="stmt"/>
        <line num="34" count="20" type="stmt"/>
        <line num="36" count="3" type="stmt"/>
        <line num="40" count="3" type="cond" truecount="2" falsecount="0"/>
        <line num="42" count="1" type="stmt"/>
        <line num="43" count="1" type="stmt"/>
        <line num="44" count="1" type="stmt"/>
        <line num="50" count="20" type="stmt"/>
        <line num="78" count="20" type="cond" truecount="2" falsecount="0"/>
        <line num="79" count="11" type="stmt"/>
        <line num="83" count="9" type="stmt"/>
      </file>
    </package>
    <package name="src.components.ActionButtons">
      <metrics statements="5" coveredstatements="5" conditionals="0" coveredconditionals="0" methods="4" coveredmethods="4"/>
      <file name="ActionButtons.tsx" path="C:\Workspace\LocalPet\src\components\ActionButtons\ActionButtons.tsx">
        <metrics statements="5" coveredstatements="5" conditionals="0" coveredconditionals="0" methods="4" coveredmethods="4"/>
        <line num="3" count="2" type="stmt"/>
        <line num="4" count="49" type="stmt"/>
        <line num="5" count="49" type="stmt"/>
        <line num="6" count="49" type="stmt"/>
        <line num="8" count="15" type="stmt"/>
      </file>
    </package>
    <package name="src.components.CreatePetModal">
      <metrics statements="17" coveredstatements="16" conditionals="21" coveredconditionals="19" methods="6" coveredmethods="6"/>
      <file name="CreatePetModal.tsx" path="C:\Workspace\LocalPet\src\components\CreatePetModal\CreatePetModal.tsx">
        <metrics statements="17" coveredstatements="16" conditionals="21" coveredconditionals="19" methods="6" coveredmethods="6"/>
        <line num="9" count="2" type="stmt"/>
        <line num="11" count="2" type="stmt"/>
        <line num="12" count="44" type="stmt"/>
        <line num="13" count="44" type="stmt"/>
        <line num="15" count="44" type="cond" truecount="2" falsecount="0"/>
        <line num="17" count="24" type="stmt"/>
        <line num="18" count="2" type="cond" truecount="3" falsecount="1"/>
        <line num="20" count="2" type="stmt"/>
        <line num="26" count="2" type="stmt"/>
        <line num="27" count="2" type="stmt"/>
        <line num="30" count="24" type="stmt"/>
        <line num="31" count="18" type="cond" truecount="1" falsecount="1"/>
        <line num="32" count="0" type="stmt"/>
        <line num="36" count="24" type="stmt"/>
        <line num="70" count="18" type="stmt"/>
        <line num="91" count="192" type="stmt"/>
        <line num="93" count="2" type="stmt"/>
      </file>
    </package>
    <package name="src.components.DiagonalWipe">
      <metrics statements="17" coveredstatements="17" conditionals="10" coveredconditionals="10" methods="5" coveredmethods="5"/>
      <file name="DiagonalWipe.tsx" path="C:\Workspace\LocalPet\src\components\DiagonalWipe\DiagonalWipe.tsx">
        <metrics statements="17" coveredstatements="17" conditionals="10" coveredconditionals="10" methods="5" coveredmethods="5"/>
        <line num="8" count="2" type="stmt"/>
        <line num="9" count="20" type="stmt"/>
        <line num="10" count="20" type="stmt"/>
        <line num="12" count="20" type="stmt"/>
        <line num="13" count="16" type="cond" truecount="4" falsecount="0"/>
        <line num="15" count="13" type="stmt"/>
        <line num="16" count="6" type="stmt"/>
        <line num="20" count="13" type="stmt"/>
        <line num="21" count="2" type="stmt"/>
        <line num="22" count="2" type="stmt"/>
        <line num="25" count="13" type="stmt"/>
        <line num="26" count="13" type="stmt"/>
        <line num="27" count="13" type="stmt"/>
        <line num="33" count="20" type="cond" truecount="2" falsecount="0"/>
        <line num="36" count="19" type="stmt"/>
        <line num="37" count="19" type="stmt"/>
        <line num="39" count="19" type="stmt"/>
      </file>
    </package>
    <package name="src.components.IntroScreen">
      <metrics statements="13" coveredstatements="13" conditionals="0" coveredconditionals="0" methods="7" coveredmethods="7"/>
      <file name="IntroScreen.tsx" path="C:\Workspace\LocalPet\src\components\IntroScreen\IntroScreen.tsx">
        <metrics statements="13" coveredstatements="13" conditionals="0" coveredconditionals="0" methods="7" coveredmethods="7"/>
        <line num="9" count="2" type="stmt"/>
        <line num="15" count="2" type="stmt"/>
        <line num="16" count="24" type="stmt"/>
        <line num="18" count="24" type="stmt"/>
        <line num="19" count="8" type="stmt"/>
        <line num="22" count="24" type="stmt"/>
        <line num="23" count="2" type="stmt"/>
        <line num="24" count="2" type="stmt"/>
        <line num="27" count="24" type="stmt"/>
        <line num="44" count="72" type="stmt"/>
        <line num="46" count="8" type="stmt"/>
        <line num="65" count="4" type="stmt"/>
        <line num="91" count="1" type="stmt"/>
      </file>
    </package>
    <package name="src.components.Pet">
      <metrics statements="5" coveredstatements="5" conditionals="2" coveredconditionals="2" methods="2" coveredmethods="2"/>
      <file name="Pet.tsx" path="C:\Workspace\LocalPet\src\components\Pet\Pet.tsx">
        <metrics statements="5" coveredstatements="5" conditionals="2" coveredconditionals="2" methods="2" coveredmethods="2"/>
        <line num="3" count="2" type="stmt"/>
        <line num="4" count="50" type="stmt"/>
        <line num="6" count="16" type="cond" truecount="2" falsecount="0"/>
        <line num="7" count="1" type="stmt"/>
        <line num="14" count="15" type="stmt"/>
      </file>
    </package>
    <package name="src.hooks">
      <metrics statements="12" coveredstatements="12" conditionals="4" coveredconditionals="4" methods="4" coveredmethods="4"/>
      <file name="useGameLoop.ts" path="C:\Workspace\LocalPet\src\hooks\useGameLoop.ts">
        <metrics statements="12" coveredstatements="12" conditionals="4" coveredconditionals="4" methods="4" coveredmethods="4"/>
        <line num="12" count="1" type="stmt"/>
        <line num="13" count="8" type="stmt"/>
        <line num="14" count="8" type="stmt"/>
        <line num="15" count="9" type="stmt"/>
        <line num="17" count="9" type="cond" truecount="2" falsecount="0"/>
        <line num="20" count="8" type="stmt"/>
        <line num="21" count="8" type="stmt"/>
        <line num="24" count="8" type="stmt"/>
        <line num="31" count="8" type="cond" truecount="2" falsecount="0"/>
        <line num="32" count="1" type="stmt"/>
        <line num="36" count="8" type="stmt"/>
        <line num="44" count="8" type="stmt"/>
      </file>
    </package>
    <package name="src.stores">
      <metrics statements="17" coveredstatements="17" conditionals="10" coveredconditionals="7" methods="11" coveredmethods="11"/>
      <file name="petStore.ts" path="C:\Workspace\LocalPet\src\stores\petStore.ts">
        <metrics statements="17" coveredstatements="17" conditionals="10" coveredconditionals="7" methods="11" coveredmethods="11"/>
        <line num="15" count="5" type="cond" truecount="2" falsecount="0"/>
        <line num="16" count="20" type="stmt"/>
        <line num="20" count="5" type="cond" truecount="2" falsecount="0"/>
        <line num="21" count="55" type="stmt"/>
        <line num="35" count="5" type="stmt"/>
        <line num="37" count="5" type="stmt"/>
        <line num="43" count="4" type="stmt"/>
        <line num="44" count="4" type="cond" truecount="1" falsecount="1"/>
        <line num="46" count="4" type="stmt"/>
        <line num="61" count="5" type="stmt"/>
        <line num="62" count="5" type="cond" truecount="1" falsecount="1"/>
        <line num="64" count="5" type="stmt"/>
        <line num="79" count="2" type="stmt"/>
        <line num="80" count="2" type="cond" truecount="1" falsecount="1"/>
        <line num="82" count="2" type="stmt"/>
        <line num="96" count="24" type="stmt"/>
        <line num="102" count="31" type="stmt"/>
      </file>
    </package>
  </project>
</coverage>
