{"C:\\Workspace\\LocalPet\\src\\App.tsx": {"path":"C:\\Workspace\\LocalPet\\src\\App.tsx","statementMap":{"0":{"start":{"line":10,"column":8},"end":{"line":10,"column":null}},"1":{"start":{"line":10,"column":37},"end":{"line":10,"column":46}},"2":{"start":{"line":11,"column":8},"end":{"line":11,"column":null}},"3":{"start":{"line":11,"column":43},"end":{"line":11,"column":58}},"4":{"start":{"line":14,"column":32},"end":{"line":14,"column":null}},"5":{"start":{"line":15,"column":36},"end":{"line":15,"column":null}},"6":{"start":{"line":18,"column":2},"end":{"line":18,"column":null}},"7":{"start":{"line":20,"column":22},"end":{"line":27,"column":null}},"8":{"start":{"line":22,"column":4},"end":{"line":22,"column":null}},"9":{"start":{"line":25,"column":4},"end":{"line":25,"column":null}},"10":{"start":{"line":26,"column":4},"end":{"line":26,"column":null}},"11":{"start":{"line":29,"column":34},"end":{"line":32,"column":null}},"12":{"start":{"line":31,"column":4},"end":{"line":31,"column":null}},"13":{"start":{"line":34,"column":22},"end":{"line":46,"column":null}},"14":{"start":{"line":36,"column":22},"end":{"line":38,"column":null}},"15":{"start":{"line":40,"column":4},"end":{"line":45,"column":null}},"16":{"start":{"line":42,"column":6},"end":{"line":42,"column":null}},"17":{"start":{"line":43,"column":6},"end":{"line":43,"column":null}},"18":{"start":{"line":44,"column":6},"end":{"line":44,"column":null}},"19":{"start":{"line":50,"column":4},"end":{"line":74,"column":null}},"20":{"start":{"line":78,"column":2},"end":{"line":80,"column":null}},"21":{"start":{"line":79,"column":4},"end":{"line":79,"column":null}},"22":{"start":{"line":83,"column":2},"end":{"line":88,"column":null}}},"fnMap":{"0":{"name":"App","decl":{"start":{"line":9,"column":9},"end":{"line":9,"column":15}},"loc":{"start":{"line":9,"column":15},"end":{"line":90,"column":null}},"line":9},"1":{"name":"(anonymous_1)","decl":{"start":{"line":10,"column":26},"end":{"line":10,"column":27}},"loc":{"start":{"line":10,"column":37},"end":{"line":10,"column":46}},"line":10},"2":{"name":"(anonymous_2)","decl":{"start":{"line":11,"column":32},"end":{"line":11,"column":33}},"loc":{"start":{"line":11,"column":43},"end":{"line":11,"column":58}},"line":11},"3":{"name":"(anonymous_3)","decl":{"start":{"line":20,"column":22},"end":{"line":20,"column":23}},"loc":{"start":{"line":20,"column":65},"end":{"line":27,"column":null}},"line":20},"4":{"name":"(anonymous_4)","decl":{"start":{"line":29,"column":34},"end":{"line":29,"column":40}},"loc":{"start":{"line":29,"column":40},"end":{"line":32,"column":null}},"line":29},"5":{"name":"(anonymous_5)","decl":{"start":{"line":34,"column":22},"end":{"line":34,"column":28}},"loc":{"start":{"line":34,"column":28},"end":{"line":46,"column":null}},"line":34}},"branchMap":{"0":{"loc":{"start":{"line":40,"column":4},"end":{"line":45,"column":null}},"type":"if","locations":[{"start":{"line":40,"column":4},"end":{"line":45,"column":null}},{"start":{},"end":{}}],"line":40},"1":{"loc":{"start":{"line":78,"column":2},"end":{"line":80,"column":null}},"type":"if","locations":[{"start":{"line":78,"column":2},"end":{"line":80,"column":null}},{"start":{},"end":{}}],"line":78}},"s":{"0":20,"1":69,"2":20,"3":69,"4":20,"5":20,"6":20,"7":20,"8":8,"9":8,"10":8,"11":20,"12":0,"13":20,"14":3,"15":3,"16":1,"17":1,"18":1,"19":20,"20":20,"21":11,"22":9},"f":{"0":20,"1":69,"2":69,"3":8,"4":0,"5":3},"b":{"0":[1,2],"1":[11,9]},"meta":{"lastBranch":2,"lastFunction":6,"lastStatement":23,"seen":{"f:9:9:9:15":0,"s:10:8:10:Infinity":0,"f:10:26:10:27":1,"s:10:37:10:46":1,"s:11:8:11:Infinity":2,"f:11:32:11:33":2,"s:11:43:11:58":3,"s:14:32:14:Infinity":4,"s:15:36:15:Infinity":5,"s:18:2:18:Infinity":6,"s:20:22:27:Infinity":7,"f:20:22:20:23":3,"s:22:4:22:Infinity":8,"s:25:4:25:Infinity":9,"s:26:4:26:Infinity":10,"s:29:34:32:Infinity":11,"f:29:34:29:40":4,"s:31:4:31:Infinity":12,"s:34:22:46:Infinity":13,"f:34:22:34:28":5,"s:36:22:38:Infinity":14,"b:40:4:45:Infinity:undefined:undefined:undefined:undefined":0,"s:40:4:45:Infinity":15,"s:42:6:42:Infinity":16,"s:43:6:43:Infinity":17,"s:44:6:44:Infinity":18,"s:50:4:74:Infinity":19,"b:78:2:80:Infinity:undefined:undefined:undefined:undefined":1,"s:78:2:80:Infinity":20,"s:79:4:79:Infinity":21,"s:83:2:88:Infinity":22}}}
,"C:\\Workspace\\LocalPet\\src\\components\\ActionButtons\\ActionButtons.tsx": {"path":"C:\\Workspace\\LocalPet\\src\\components\\ActionButtons\\ActionButtons.tsx","statementMap":{"0":{"start":{"line":3,"column":29},"end":{"line":44,"column":null}},"1":{"start":{"line":4,"column":8},"end":{"line":4,"column":null}},"2":{"start":{"line":4,"column":38},"end":{"line":4,"column":48}},"3":{"start":{"line":5,"column":8},"end":{"line":5,"column":null}},"4":{"start":{"line":5,"column":38},"end":{"line":5,"column":48}},"5":{"start":{"line":6,"column":8},"end":{"line":6,"column":null}},"6":{"start":{"line":6,"column":43},"end":{"line":6,"column":58}},"7":{"start":{"line":8,"column":2},"end":{"line":42,"column":null}}},"fnMap":{"0":{"name":"(anonymous_0)","decl":{"start":{"line":3,"column":29},"end":{"line":3,"column":35}},"loc":{"start":{"line":3,"column":35},"end":{"line":44,"column":null}},"line":3},"1":{"name":"(anonymous_1)","decl":{"start":{"line":4,"column":27},"end":{"line":4,"column":28}},"loc":{"start":{"line":4,"column":38},"end":{"line":4,"column":48}},"line":4},"2":{"name":"(anonymous_2)","decl":{"start":{"line":5,"column":27},"end":{"line":5,"column":28}},"loc":{"start":{"line":5,"column":38},"end":{"line":5,"column":48}},"line":5},"3":{"name":"(anonymous_3)","decl":{"start":{"line":6,"column":32},"end":{"line":6,"column":33}},"loc":{"start":{"line":6,"column":43},"end":{"line":6,"column":58}},"line":6}},"branchMap":{},"s":{"0":2,"1":15,"2":49,"3":15,"4":49,"5":15,"6":49,"7":15},"f":{"0":15,"1":49,"2":49,"3":49},"b":{},"meta":{"lastBranch":0,"lastFunction":4,"lastStatement":8,"seen":{"s:3:29:44:Infinity":0,"f:3:29:3:35":0,"s:4:8:4:Infinity":1,"f:4:27:4:28":1,"s:4:38:4:48":2,"s:5:8:5:Infinity":3,"f:5:27:5:28":2,"s:5:38:5:48":4,"s:6:8:6:Infinity":5,"f:6:32:6:33":3,"s:6:43:6:58":6,"s:8:2:42:Infinity":7}}}
,"C:\\Workspace\\LocalPet\\src\\components\\CreatePetModal\\CreatePetModal.tsx": {"path":"C:\\Workspace\\LocalPet\\src\\components\\CreatePetModal\\CreatePetModal.tsx","statementMap":{"0":{"start":{"line":9,"column":22},"end":{"line":9,"column":null}},"1":{"start":{"line":11,"column":30},"end":{"line":147,"column":null}},"2":{"start":{"line":12,"column":22},"end":{"line":12,"column":null}},"3":{"start":{"line":13,"column":40},"end":{"line":13,"column":null}},"4":{"start":{"line":15,"column":2},"end":{"line":15,"column":null}},"5":{"start":{"line":15,"column":15},"end":{"line":15,"column":null}},"6":{"start":{"line":17,"column":24},"end":{"line":28,"column":null}},"7":{"start":{"line":18,"column":4},"end":{"line":18,"column":null}},"8":{"start":{"line":18,"column":40},"end":{"line":18,"column":null}},"9":{"start":{"line":20,"column":4},"end":{"line":23,"column":null}},"10":{"start":{"line":26,"column":4},"end":{"line":26,"column":null}},"11":{"start":{"line":27,"column":4},"end":{"line":27,"column":null}},"12":{"start":{"line":30,"column":25},"end":{"line":34,"column":null}},"13":{"start":{"line":31,"column":4},"end":{"line":33,"column":null}},"14":{"start":{"line":32,"column":6},"end":{"line":32,"column":null}},"15":{"start":{"line":36,"column":2},"end":{"line":145,"column":null}},"16":{"start":{"line":70,"column":29},"end":{"line":70,"column":null}},"17":{"start":{"line":91,"column":14},"end":{"line":105,"column":null}},"18":{"start":{"line":93,"column":31},"end":{"line":93,"column":null}}},"fnMap":{"0":{"name":"(anonymous_0)","decl":{"start":{"line":11,"column":30},"end":{"line":11,"column":31}},"loc":{"start":{"line":11,"column":87},"end":{"line":147,"column":null}},"line":11},"1":{"name":"(anonymous_1)","decl":{"start":{"line":17,"column":24},"end":{"line":17,"column":30}},"loc":{"start":{"line":17,"column":30},"end":{"line":28,"column":null}},"line":17},"2":{"name":"(anonymous_2)","decl":{"start":{"line":30,"column":25},"end":{"line":30,"column":26}},"loc":{"start":{"line":30,"column":53},"end":{"line":34,"column":null}},"line":30},"3":{"name":"(anonymous_3)","decl":{"start":{"line":70,"column":22},"end":{"line":70,"column":23}},"loc":{"start":{"line":70,"column":29},"end":{"line":70,"column":null}},"line":70},"4":{"name":"(anonymous_4)","decl":{"start":{"line":90,"column":31},"end":{"line":90,"column":32}},"loc":{"start":{"line":91,"column":14},"end":{"line":105,"column":null}},"line":91},"5":{"name":"(anonymous_5)","decl":{"start":{"line":93,"column":25},"end":{"line":93,"column":31}},"loc":{"start":{"line":93,"column":31},"end":{"line":93,"column":null}},"line":93}},"branchMap":{"0":{"loc":{"start":{"line":15,"column":2},"end":{"line":15,"column":null}},"type":"if","locations":[{"start":{"line":15,"column":2},"end":{"line":15,"column":null}},{"start":{},"end":{}}],"line":15},"1":{"loc":{"start":{"line":18,"column":4},"end":{"line":18,"column":null}},"type":"if","locations":[{"start":{"line":18,"column":4},"end":{"line":18,"column":null}},{"start":{},"end":{}}],"line":18},"2":{"loc":{"start":{"line":18,"column":8},"end":{"line":18,"column":40}},"type":"binary-expr","locations":[{"start":{"line":18,"column":8},"end":{"line":18,"column":24}},{"start":{"line":18,"column":24},"end":{"line":18,"column":40}}],"line":18},"3":{"loc":{"start":{"line":31,"column":4},"end":{"line":33,"column":null}},"type":"if","locations":[{"start":{"line":31,"column":4},"end":{"line":33,"column":null}},{"start":{},"end":{}}],"line":31},"4":{"loc":{"start":{"line":77,"column":11},"end":{"line":80,"column":null}},"type":"binary-expr","locations":[{"start":{"line":77,"column":11},"end":{"line":77,"column":null}},{"start":{"line":78,"column":12},"end":{"line":80,"column":null}}],"line":77},"5":{"loc":{"start":{"line":98,"column":20},"end":{"line":100,"column":null}},"type":"cond-expr","locations":[{"start":{"line":99,"column":24},"end":{"line":99,"column":null}},{"start":{"line":100,"column":24},"end":{"line":100,"column":null}}],"line":98},"6":{"loc":{"start":{"line":111,"column":9},"end":{"line":118,"column":null}},"type":"binary-expr","locations":[{"start":{"line":111,"column":9},"end":{"line":111,"column":17}},{"start":{"line":111,"column":17},"end":{"line":111,"column":null}},{"start":{"line":112,"column":10},"end":{"line":118,"column":null}}],"line":111},"7":{"loc":{"start":{"line":131,"column":22},"end":{"line":131,"column":null}},"type":"binary-expr","locations":[{"start":{"line":131,"column":22},"end":{"line":131,"column":38}},{"start":{"line":131,"column":38},"end":{"line":131,"column":null}}],"line":131},"8":{"loc":{"start":{"line":135,"column":16},"end":{"line":137,"column":null}},"type":"cond-expr","locations":[{"start":{"line":136,"column":20},"end":{"line":136,"column":null}},{"start":{"line":137,"column":20},"end":{"line":137,"column":null}}],"line":135},"9":{"loc":{"start":{"line":135,"column":16},"end":{"line":135,"column":null}},"type":"binary-expr","locations":[{"start":{"line":135,"column":16},"end":{"line":135,"column":31}},{"start":{"line":135,"column":31},"end":{"line":135,"column":null}}],"line":135}},"s":{"0":2,"1":2,"2":44,"3":44,"4":44,"5":20,"6":24,"7":2,"8":0,"9":2,"10":2,"11":2,"12":24,"13":18,"14":0,"15":24,"16":18,"17":192,"18":2},"f":{"0":44,"1":2,"2":18,"3":18,"4":192,"5":2},"b":{"0":[20,24],"1":[0,2],"2":[2,2],"3":[0,18],"4":[24,20],"5":[2,190],"6":[44,20,2],"7":[44,20],"8":[2,22],"9":[44,20]},"meta":{"lastBranch":10,"lastFunction":6,"lastStatement":19,"seen":{"s:9:22:9:Infinity":0,"s:11:30:147:Infinity":1,"f:11:30:11:31":0,"s:12:22:12:Infinity":2,"s:13:40:13:Infinity":3,"b:15:2:15:Infinity:undefined:undefined:undefined:undefined":0,"s:15:2:15:Infinity":4,"s:15:15:15:Infinity":5,"s:17:24:28:Infinity":6,"f:17:24:17:30":1,"b:18:4:18:Infinity:undefined:undefined:undefined:undefined":1,"s:18:4:18:Infinity":7,"b:18:8:18:24:18:24:18:40":2,"s:18:40:18:Infinity":8,"s:20:4:23:Infinity":9,"s:26:4:26:Infinity":10,"s:27:4:27:Infinity":11,"s:30:25:34:Infinity":12,"f:30:25:30:26":2,"b:31:4:33:Infinity:undefined:undefined:undefined:undefined":3,"s:31:4:33:Infinity":13,"s:32:6:32:Infinity":14,"s:36:2:145:Infinity":15,"f:70:22:70:23":3,"s:70:29:70:Infinity":16,"b:77:11:77:Infinity:78:12:80:Infinity":4,"f:90:31:90:32":4,"s:91:14:105:Infinity":17,"f:93:25:93:31":5,"s:93:31:93:Infinity":18,"b:99:24:99:Infinity:100:24:100:Infinity":5,"b:111:9:111:17:111:17:111:Infinity:112:10:118:Infinity":6,"b:131:22:131:38:131:38:131:Infinity":7,"b:136:20:136:Infinity:137:20:137:Infinity":8,"b:135:16:135:31:135:31:135:Infinity":9}}}
,"C:\\Workspace\\LocalPet\\src\\components\\DiagonalWipe\\DiagonalWipe.tsx": {"path":"C:\\Workspace\\LocalPet\\src\\components\\DiagonalWipe\\DiagonalWipe.tsx","statementMap":{"0":{"start":{"line":8,"column":28},"end":{"line":66,"column":null}},"1":{"start":{"line":9,"column":34},"end":{"line":9,"column":null}},"2":{"start":{"line":10,"column":38},"end":{"line":10,"column":null}},"3":{"start":{"line":12,"column":2},"end":{"line":30,"column":null}},"4":{"start":{"line":13,"column":4},"end":{"line":29,"column":null}},"5":{"start":{"line":15,"column":24},"end":{"line":17,"column":null}},"6":{"start":{"line":16,"column":8},"end":{"line":16,"column":null}},"7":{"start":{"line":20,"column":28},"end":{"line":23,"column":null}},"8":{"start":{"line":21,"column":8},"end":{"line":21,"column":null}},"9":{"start":{"line":22,"column":8},"end":{"line":22,"column":null}},"10":{"start":{"line":25,"column":6},"end":{"line":28,"column":null}},"11":{"start":{"line":26,"column":8},"end":{"line":26,"column":null}},"12":{"start":{"line":27,"column":8},"end":{"line":27,"column":null}},"13":{"start":{"line":33,"column":2},"end":{"line":33,"column":null}},"14":{"start":{"line":33,"column":20},"end":{"line":33,"column":null}},"15":{"start":{"line":36,"column":16},"end":{"line":36,"column":null}},"16":{"start":{"line":37,"column":19},"end":{"line":37,"column":null}},"17":{"start":{"line":39,"column":2},"end":{"line":64,"column":null}}},"fnMap":{"0":{"name":"(anonymous_0)","decl":{"start":{"line":8,"column":28},"end":{"line":8,"column":29}},"loc":{"start":{"line":8,"column":80},"end":{"line":66,"column":null}},"line":8},"1":{"name":"(anonymous_1)","decl":{"start":{"line":12,"column":12},"end":{"line":12,"column":18}},"loc":{"start":{"line":12,"column":18},"end":{"line":30,"column":5}},"line":12},"2":{"name":"(anonymous_2)","decl":{"start":{"line":15,"column":35},"end":{"line":15,"column":41}},"loc":{"start":{"line":15,"column":41},"end":{"line":17,"column":9}},"line":15},"3":{"name":"(anonymous_3)","decl":{"start":{"line":20,"column":39},"end":{"line":20,"column":45}},"loc":{"start":{"line":20,"column":45},"end":{"line":23,"column":9}},"line":20},"4":{"name":"(anonymous_4)","decl":{"start":{"line":25,"column":13},"end":{"line":25,"column":19}},"loc":{"start":{"line":25,"column":19},"end":{"line":28,"column":null}},"line":25}},"branchMap":{"0":{"loc":{"start":{"line":13,"column":4},"end":{"line":29,"column":null}},"type":"if","locations":[{"start":{"line":13,"column":4},"end":{"line":29,"column":null}},{"start":{},"end":{}}],"line":13},"1":{"loc":{"start":{"line":13,"column":8},"end":{"line":13,"column":38}},"type":"binary-expr","locations":[{"start":{"line":13,"column":8},"end":{"line":13,"column":23}},{"start":{"line":13,"column":23},"end":{"line":13,"column":38}}],"line":13},"2":{"loc":{"start":{"line":33,"column":2},"end":{"line":33,"column":null}},"type":"if","locations":[{"start":{"line":33,"column":2},"end":{"line":33,"column":null}},{"start":{},"end":{}}],"line":33},"3":{"loc":{"start":{"line":47,"column":21},"end":{"line":49,"column":null}},"type":"cond-expr","locations":[{"start":{"line":48,"column":14},"end":{"line":48,"column":null}},{"start":{"line":49,"column":14},"end":{"line":49,"column":null}}],"line":47},"4":{"loc":{"start":{"line":59,"column":21},"end":{"line":61,"column":null}},"type":"cond-expr","locations":[{"start":{"line":60,"column":14},"end":{"line":60,"column":null}},{"start":{"line":61,"column":14},"end":{"line":61,"column":null}}],"line":59}},"s":{"0":2,"1":20,"2":20,"3":20,"4":16,"5":13,"6":6,"7":13,"8":2,"9":2,"10":13,"11":13,"12":13,"13":20,"14":1,"15":19,"16":19,"17":19},"f":{"0":20,"1":16,"2":6,"3":2,"4":13},"b":{"0":[13,3],"1":[16,13],"2":[1,19],"3":[4,15],"4":[4,15]},"meta":{"lastBranch":5,"lastFunction":5,"lastStatement":18,"seen":{"s:8:28:66:Infinity":0,"f:8:28:8:29":0,"s:9:34:9:Infinity":1,"s:10:38:10:Infinity":2,"s:12:2:30:Infinity":3,"f:12:12:12:18":1,"b:13:4:29:Infinity:undefined:undefined:undefined:undefined":0,"s:13:4:29:Infinity":4,"b:13:8:13:23:13:23:13:38":1,"s:15:24:17:Infinity":5,"f:15:35:15:41":2,"s:16:8:16:Infinity":6,"s:20:28:23:Infinity":7,"f:20:39:20:45":3,"s:21:8:21:Infinity":8,"s:22:8:22:Infinity":9,"s:25:6:28:Infinity":10,"f:25:13:25:19":4,"s:26:8:26:Infinity":11,"s:27:8:27:Infinity":12,"b:33:2:33:Infinity:undefined:undefined:undefined:undefined":2,"s:33:2:33:Infinity":13,"s:33:20:33:Infinity":14,"s:36:16:36:Infinity":15,"s:37:19:37:Infinity":16,"s:39:2:64:Infinity":17,"b:48:14:48:Infinity:49:14:49:Infinity":3,"b:60:14:60:Infinity:61:14:61:Infinity":4}}}
,"C:\\Workspace\\LocalPet\\src\\components\\IntroScreen\\IntroScreen.tsx": {"path":"C:\\Workspace\\LocalPet\\src\\components\\IntroScreen\\IntroScreen.tsx","statementMap":{"0":{"start":{"line":9,"column":21},"end":{"line":13,"column":null}},"1":{"start":{"line":15,"column":27},"end":{"line":96,"column":null}},"2":{"start":{"line":16,"column":36},"end":{"line":16,"column":null}},"3":{"start":{"line":18,"column":27},"end":{"line":20,"column":null}},"4":{"start":{"line":19,"column":4},"end":{"line":19,"column":null}},"5":{"start":{"line":22,"column":29},"end":{"line":25,"column":null}},"6":{"start":{"line":23,"column":4},"end":{"line":23,"column":null}},"7":{"start":{"line":24,"column":4},"end":{"line":24,"column":null}},"8":{"start":{"line":27,"column":2},"end":{"line":94,"column":null}},"9":{"start":{"line":44,"column":12},"end":{"line":60,"column":null}},"10":{"start":{"line":46,"column":29},"end":{"line":46,"column":null}},"11":{"start":{"line":65,"column":27},"end":{"line":65,"column":null}},"12":{"start":{"line":91,"column":23},"end":{"line":91,"column":null}}},"fnMap":{"0":{"name":"(anonymous_0)","decl":{"start":{"line":15,"column":27},"end":{"line":15,"column":28}},"loc":{"start":{"line":15,"column":62},"end":{"line":96,"column":null}},"line":15},"1":{"name":"(anonymous_1)","decl":{"start":{"line":18,"column":27},"end":{"line":18,"column":28}},"loc":{"start":{"line":18,"column":69},"end":{"line":20,"column":null}},"line":18},"2":{"name":"(anonymous_2)","decl":{"start":{"line":22,"column":29},"end":{"line":22,"column":30}},"loc":{"start":{"line":22,"column":71},"end":{"line":25,"column":null}},"line":22},"3":{"name":"(anonymous_3)","decl":{"start":{"line":43,"column":28},"end":{"line":43,"column":29}},"loc":{"start":{"line":44,"column":12},"end":{"line":60,"column":null}},"line":44},"4":{"name":"(anonymous_4)","decl":{"start":{"line":46,"column":23},"end":{"line":46,"column":29}},"loc":{"start":{"line":46,"column":29},"end":{"line":46,"column":null}},"line":46},"5":{"name":"(anonymous_5)","decl":{"start":{"line":65,"column":21},"end":{"line":65,"column":27}},"loc":{"start":{"line":65,"column":27},"end":{"line":65,"column":null}},"line":65},"6":{"name":"(anonymous_6)","decl":{"start":{"line":91,"column":17},"end":{"line":91,"column":23}},"loc":{"start":{"line":91,"column":23},"end":{"line":91,"column":null}},"line":91}},"branchMap":{},"s":{"0":2,"1":2,"2":24,"3":24,"4":8,"5":24,"6":2,"7":2,"8":24,"9":72,"10":8,"11":4,"12":1},"f":{"0":24,"1":8,"2":2,"3":72,"4":8,"5":4,"6":1},"b":{},"meta":{"lastBranch":0,"lastFunction":7,"lastStatement":13,"seen":{"s:9:21:13:Infinity":0,"s:15:27:96:Infinity":1,"f:15:27:15:28":0,"s:16:36:16:Infinity":2,"s:18:27:20:Infinity":3,"f:18:27:18:28":1,"s:19:4:19:Infinity":4,"s:22:29:25:Infinity":5,"f:22:29:22:30":2,"s:23:4:23:Infinity":6,"s:24:4:24:Infinity":7,"s:27:2:94:Infinity":8,"f:43:28:43:29":3,"s:44:12:60:Infinity":9,"f:46:23:46:29":4,"s:46:29:46:Infinity":10,"f:65:21:65:27":5,"s:65:27:65:Infinity":11,"f:91:17:91:23":6,"s:91:23:91:Infinity":12}}}
,"C:\\Workspace\\LocalPet\\src\\components\\Pet\\Pet.tsx": {"path":"C:\\Workspace\\LocalPet\\src\\components\\Pet\\Pet.tsx","statementMap":{"0":{"start":{"line":3,"column":19},"end":{"line":54,"column":null}},"1":{"start":{"line":4,"column":8},"end":{"line":4,"column":null}},"2":{"start":{"line":4,"column":37},"end":{"line":4,"column":46}},"3":{"start":{"line":6,"column":2},"end":{"line":12,"column":null}},"4":{"start":{"line":7,"column":4},"end":{"line":10,"column":null}},"5":{"start":{"line":14,"column":2},"end":{"line":52,"column":null}}},"fnMap":{"0":{"name":"(anonymous_0)","decl":{"start":{"line":3,"column":19},"end":{"line":3,"column":25}},"loc":{"start":{"line":3,"column":25},"end":{"line":54,"column":null}},"line":3},"1":{"name":"(anonymous_1)","decl":{"start":{"line":4,"column":26},"end":{"line":4,"column":27}},"loc":{"start":{"line":4,"column":37},"end":{"line":4,"column":46}},"line":4}},"branchMap":{"0":{"loc":{"start":{"line":6,"column":2},"end":{"line":12,"column":null}},"type":"if","locations":[{"start":{"line":6,"column":2},"end":{"line":12,"column":null}},{"start":{},"end":{}}],"line":6}},"s":{"0":2,"1":16,"2":50,"3":16,"4":1,"5":15},"f":{"0":16,"1":50},"b":{"0":[1,15]},"meta":{"lastBranch":1,"lastFunction":2,"lastStatement":6,"seen":{"s:3:19:54:Infinity":0,"f:3:19:3:25":0,"s:4:8:4:Infinity":1,"f:4:26:4:27":1,"s:4:37:4:46":2,"b:6:2:12:Infinity:undefined:undefined:undefined:undefined":0,"s:6:2:12:Infinity":3,"s:7:4:10:Infinity":4,"s:14:2:52:Infinity":5}}}
,"C:\\Workspace\\LocalPet\\src\\hooks\\useGameLoop.ts": {"path":"C:\\Workspace\\LocalPet\\src\\hooks\\useGameLoop.ts","statementMap":{"0":{"start":{"line":12,"column":27},"end":{"line":46,"column":null}},"1":{"start":{"line":13,"column":2},"end":{"line":45,"column":null}},"2":{"start":{"line":14,"column":21},"end":{"line":42,"column":null}},"3":{"start":{"line":15,"column":20},"end":{"line":15,"column":null}},"4":{"start":{"line":17,"column":6},"end":{"line":17,"column":null}},"5":{"start":{"line":17,"column":22},"end":{"line":17,"column":null}},"6":{"start":{"line":20,"column":35},"end":{"line":20,"column":null}},"7":{"start":{"line":21,"column":32},"end":{"line":21,"column":null}},"8":{"start":{"line":24,"column":23},"end":{"line":28,"column":null}},"9":{"start":{"line":31,"column":6},"end":{"line":33,"column":null}},"10":{"start":{"line":32,"column":8},"end":{"line":32,"column":null}},"11":{"start":{"line":36,"column":6},"end":{"line":41,"column":null}},"12":{"start":{"line":44,"column":4},"end":{"line":44,"column":null}},"13":{"start":{"line":44,"column":17},"end":{"line":44,"column":null}}},"fnMap":{"0":{"name":"(anonymous_0)","decl":{"start":{"line":12,"column":27},"end":{"line":12,"column":33}},"loc":{"start":{"line":12,"column":33},"end":{"line":46,"column":null}},"line":12},"1":{"name":"(anonymous_1)","decl":{"start":{"line":13,"column":12},"end":{"line":13,"column":18}},"loc":{"start":{"line":13,"column":18},"end":{"line":45,"column":5}},"line":13},"2":{"name":"(anonymous_2)","decl":{"start":{"line":14,"column":33},"end":{"line":14,"column":39}},"loc":{"start":{"line":14,"column":39},"end":{"line":42,"column":7}},"line":14},"3":{"name":"(anonymous_3)","decl":{"start":{"line":44,"column":11},"end":{"line":44,"column":17}},"loc":{"start":{"line":44,"column":17},"end":{"line":44,"column":null}},"line":44}},"branchMap":{"0":{"loc":{"start":{"line":17,"column":6},"end":{"line":17,"column":null}},"type":"if","locations":[{"start":{"line":17,"column":6},"end":{"line":17,"column":null}},{"start":{},"end":{}}],"line":17},"1":{"loc":{"start":{"line":31,"column":6},"end":{"line":33,"column":null}},"type":"if","locations":[{"start":{"line":31,"column":6},"end":{"line":33,"column":null}},{"start":{},"end":{}}],"line":31}},"s":{"0":1,"1":8,"2":8,"3":9,"4":9,"5":1,"6":8,"7":8,"8":8,"9":8,"10":1,"11":8,"12":8,"13":8},"f":{"0":8,"1":8,"2":9,"3":8},"b":{"0":[1,8],"1":[1,7]},"meta":{"lastBranch":2,"lastFunction":4,"lastStatement":14,"seen":{"s:12:27:46:Infinity":0,"f:12:27:12:33":0,"s:13:2:45:Infinity":1,"f:13:12:13:18":1,"s:14:21:42:Infinity":2,"f:14:33:14:39":2,"s:15:20:15:Infinity":3,"b:17:6:17:Infinity:undefined:undefined:undefined:undefined":0,"s:17:6:17:Infinity":4,"s:17:22:17:Infinity":5,"s:20:35:20:Infinity":6,"s:21:32:21:Infinity":7,"s:24:23:28:Infinity":8,"b:31:6:33:Infinity:undefined:undefined:undefined:undefined":1,"s:31:6:33:Infinity":9,"s:32:8:32:Infinity":10,"s:36:6:41:Infinity":11,"s:44:4:44:Infinity":12,"f:44:11:44:17":3,"s:44:17:44:Infinity":13}}}
,"C:\\Workspace\\LocalPet\\src\\stores\\petStore.ts": {"path":"C:\\Workspace\\LocalPet\\src\\stores\\petStore.ts","statementMap":{"0":{"start":{"line":15,"column":14},"end":{"line":17,"column":null}},"1":{"start":{"line":16,"column":2},"end":{"line":16,"column":null}},"2":{"start":{"line":20,"column":25},"end":{"line":33,"column":null}},"3":{"start":{"line":21,"column":2},"end":{"line":32,"column":null}},"4":{"start":{"line":35,"column":13},"end":{"line":110,"column":null}},"5":{"start":{"line":37,"column":14},"end":{"line":105,"column":null}},"6":{"start":{"line":43,"column":8},"end":{"line":57,"column":null}},"7":{"start":{"line":44,"column":10},"end":{"line":44,"column":null}},"8":{"start":{"line":44,"column":26},"end":{"line":44,"column":null}},"9":{"start":{"line":46,"column":10},"end":{"line":56,"column":null}},"10":{"start":{"line":61,"column":8},"end":{"line":75,"column":null}},"11":{"start":{"line":62,"column":10},"end":{"line":62,"column":null}},"12":{"start":{"line":62,"column":26},"end":{"line":62,"column":null}},"13":{"start":{"line":64,"column":10},"end":{"line":74,"column":null}},"14":{"start":{"line":79,"column":8},"end":{"line":92,"column":null}},"15":{"start":{"line":80,"column":10},"end":{"line":80,"column":null}},"16":{"start":{"line":80,"column":26},"end":{"line":80,"column":null}},"17":{"start":{"line":82,"column":10},"end":{"line":91,"column":null}},"18":{"start":{"line":96,"column":8},"end":{"line":98,"column":null}},"19":{"start":{"line":102,"column":8},"end":{"line":104,"column":null}}},"fnMap":{"0":{"name":"(anonymous_0)","decl":{"start":{"line":15,"column":14},"end":{"line":15,"column":15}},"loc":{"start":{"line":15,"column":77},"end":{"line":17,"column":null}},"line":15},"1":{"name":"(anonymous_1)","decl":{"start":{"line":20,"column":25},"end":{"line":20,"column":26}},"loc":{"start":{"line":20,"column":94},"end":{"line":33,"column":null}},"line":20},"2":{"name":"(anonymous_2)","decl":{"start":{"line":37,"column":4},"end":{"line":37,"column":5}},"loc":{"start":{"line":37,"column":14},"end":{"line":105,"column":null}},"line":37},"3":{"name":"(anonymous_3)","decl":{"start":{"line":42,"column":12},"end":{"line":42,"column":null}},"loc":{"start":{"line":43,"column":8},"end":{"line":57,"column":null}},"line":43},"4":{"name":"(anonymous_4)","decl":{"start":{"line":43,"column":12},"end":{"line":43,"column":13}},"loc":{"start":{"line":43,"column":23},"end":{"line":57,"column":9}},"line":43},"5":{"name":"(anonymous_5)","decl":{"start":{"line":60,"column":12},"end":{"line":60,"column":null}},"loc":{"start":{"line":61,"column":8},"end":{"line":75,"column":null}},"line":61},"6":{"name":"(anonymous_6)","decl":{"start":{"line":61,"column":12},"end":{"line":61,"column":13}},"loc":{"start":{"line":61,"column":23},"end":{"line":75,"column":9}},"line":61},"7":{"name":"(anonymous_7)","decl":{"start":{"line":78,"column":17},"end":{"line":78,"column":null}},"loc":{"start":{"line":79,"column":8},"end":{"line":92,"column":null}},"line":79},"8":{"name":"(anonymous_8)","decl":{"start":{"line":79,"column":12},"end":{"line":79,"column":13}},"loc":{"start":{"line":79,"column":23},"end":{"line":92,"column":9}},"line":79},"9":{"name":"(anonymous_9)","decl":{"start":{"line":95,"column":17},"end":{"line":95,"column":18}},"loc":{"start":{"line":96,"column":8},"end":{"line":98,"column":null}},"line":96},"10":{"name":"(anonymous_10)","decl":{"start":{"line":101,"column":13},"end":{"line":101,"column":null}},"loc":{"start":{"line":102,"column":8},"end":{"line":104,"column":null}},"line":102}},"branchMap":{"0":{"loc":{"start":{"line":15,"column":30},"end":{"line":15,"column":47}},"type":"default-arg","locations":[{"start":{"line":15,"column":44},"end":{"line":15,"column":47}}],"line":15},"1":{"loc":{"start":{"line":15,"column":47},"end":{"line":15,"column":77}},"type":"default-arg","locations":[{"start":{"line":15,"column":61},"end":{"line":15,"column":77}}],"line":15},"2":{"loc":{"start":{"line":20,"column":26},"end":{"line":20,"column":64}},"type":"default-arg","locations":[{"start":{"line":20,"column":41},"end":{"line":20,"column":64}}],"line":20},"3":{"loc":{"start":{"line":20,"column":64},"end":{"line":20,"column":94}},"type":"default-arg","locations":[{"start":{"line":20,"column":80},"end":{"line":20,"column":94}}],"line":20},"4":{"loc":{"start":{"line":44,"column":10},"end":{"line":44,"column":null}},"type":"if","locations":[{"start":{"line":44,"column":10},"end":{"line":44,"column":null}},{"start":{},"end":{}}],"line":44},"5":{"loc":{"start":{"line":62,"column":10},"end":{"line":62,"column":null}},"type":"if","locations":[{"start":{"line":62,"column":10},"end":{"line":62,"column":null}},{"start":{},"end":{}}],"line":62},"6":{"loc":{"start":{"line":80,"column":10},"end":{"line":80,"column":null}},"type":"if","locations":[{"start":{"line":80,"column":10},"end":{"line":80,"column":null}},{"start":{},"end":{}}],"line":80}},"s":{"0":5,"1":20,"2":5,"3":55,"4":5,"5":5,"6":4,"7":4,"8":0,"9":4,"10":5,"11":5,"12":0,"13":5,"14":2,"15":2,"16":0,"17":2,"18":24,"19":31},"f":{"0":20,"1":55,"2":5,"3":4,"4":4,"5":5,"6":5,"7":2,"8":2,"9":24,"10":31},"b":{"0":[20],"1":[20],"2":[55],"3":[55],"4":[0,4],"5":[0,5],"6":[0,2]},"meta":{"lastBranch":7,"lastFunction":11,"lastStatement":20,"seen":{"s:15:14:17:Infinity":0,"f:15:14:15:15":0,"b:15:44:15:47":0,"b:15:61:15:77":1,"s:16:2:16:Infinity":1,"s:20:25:33:Infinity":2,"f:20:25:20:26":1,"b:20:41:20:64":2,"b:20:80:20:94":3,"s:21:2:32:Infinity":3,"s:35:13:110:Infinity":4,"f:37:4:37:5":2,"s:37:14:105:Infinity":5,"f:42:12:42:Infinity":3,"s:43:8:57:Infinity":6,"f:43:12:43:13":4,"b:44:10:44:Infinity:undefined:undefined:undefined:undefined":4,"s:44:10:44:Infinity":7,"s:44:26:44:Infinity":8,"s:46:10:56:Infinity":9,"f:60:12:60:Infinity":5,"s:61:8:75:Infinity":10,"f:61:12:61:13":6,"b:62:10:62:Infinity:undefined:undefined:undefined:undefined":5,"s:62:10:62:Infinity":11,"s:62:26:62:Infinity":12,"s:64:10:74:Infinity":13,"f:78:17:78:Infinity":7,"s:79:8:92:Infinity":14,"f:79:12:79:13":8,"b:80:10:80:Infinity:undefined:undefined:undefined:undefined":6,"s:80:10:80:Infinity":15,"s:80:26:80:Infinity":16,"s:82:10:91:Infinity":17,"f:95:17:95:18":9,"s:96:8:98:Infinity":18,"f:101:13:101:Infinity":10,"s:102:8:104:Infinity":19}}}
}
